[  0%] Built target i18n
[ 37%] Built target switchboard-2.0
[100%] Built target ../switchboard
Install the project...
-- Install configuration: "Release"
-- Installing: /build/switchboard-bzr/pkg/switchboard-bzr/usr/share/applications/switchboard.desktop
-- Installing: /build/switchboard-bzr/pkg/switchboard-bzr/usr/share/glib-2.0/schemas/org.pantheon.switchboard.gschema.xml
-- Installing: /build/switchboard-bzr/pkg/switchboard-bzr/usr/share/locale/cs/LC_MESSAGES/switchboard.mo
-- Installing: /build/switchboard-bzr/pkg/switchboard-bzr/usr/share/locale/fr/LC_MESSAGES/switchboard.mo
-- Installing: /build/switchboard-bzr/pkg/switchboard-bzr/usr/share/locale/zh_CN/LC_MESSAGES/switchboard.mo
-- Installing: /build/switchboard-bzr/pkg/switchboard-bzr/usr/share/locale/zh_TW/LC_MESSAGES/switchboard.mo
-- Installing: /build/switchboard-bzr/pkg/switchboard-bzr/usr/share/locale/en_AU/LC_MESSAGES/switchboard.mo
-- Installing: /build/switchboard-bzr/pkg/switchboard-bzr/usr/share/locale/fa/LC_MESSAGES/switchboard.mo
-- Installing: /build/switchboard-bzr/pkg/switchboard-bzr/usr/share/locale/bs/LC_MESSAGES/switchboard.mo
-- Installing: /build/switchboard-bzr/pkg/switchboard-bzr/usr/share/locale/ky/LC_MESSAGES/switchboard.mo
-- Installing: /build/switchboard-bzr/pkg/switchboard-bzr/usr/share/locale/fr_CA/LC_MESSAGES/switchboard.mo
-- Installing: /build/switchboard-bzr/pkg/switchboard-bzr/usr/share/locale/en_CA/LC_MESSAGES/switchboard.mo
-- Installing: /build/switchboard-bzr/pkg/switchboard-bzr/usr/share/locale/eu/LC_MESSAGES/switchboard.mo
-- Installing: /build/switchboard-bzr/pkg/switchboard-bzr/usr/share/locale/ca/LC_MESSAGES/switchboard.mo
-- Installing: /build/switchboard-bzr/pkg/switchboard-bzr/usr/share/locale/uk/LC_MESSAGES/switchboard.mo
-- Installing: /build/switchboard-bzr/pkg/switchboard-bzr/usr/share/locale/pl/LC_MESSAGES/switchboard.mo
-- Installing: /build/switchboard-bzr/pkg/switchboard-bzr/usr/share/locale/nl/LC_MESSAGES/switchboard.mo
-- Installing: /build/switchboard-bzr/pkg/switchboard-bzr/usr/share/locale/bn/LC_MESSAGES/switchboard.mo
-- Installing: /build/switchboard-bzr/pkg/switchboard-bzr/usr/share/locale/hil/LC_MESSAGES/switchboard.mo
-- Installing: /build/switchboard-bzr/pkg/switchboard-bzr/usr/share/locale/lv/LC_MESSAGES/switchboard.mo
-- Installing: /build/switchboard-bzr/pkg/switchboard-bzr/usr/share/locale/pt/LC_MESSAGES/switchboard.mo
-- Installing: /build/switchboard-bzr/pkg/switchboard-bzr/usr/share/locale/it/LC_MESSAGES/switchboard.mo
-- Installing: /build/switchboard-bzr/pkg/switchboard-bzr/usr/share/locale/id/LC_MESSAGES/switchboard.mo
-- Installing: /build/switchboard-bzr/pkg/switchboard-bzr/usr/share/locale/si/LC_MESSAGES/switchboard.mo
-- Installing: /build/switchboard-bzr/pkg/switchboard-bzr/usr/share/locale/be/LC_MESSAGES/switchboard.mo
-- Installing: /build/switchboard-bzr/pkg/switchboard-bzr/usr/share/locale/ar/LC_MESSAGES/switchboard.mo
-- Installing: /build/switchboard-bzr/pkg/switchboard-bzr/usr/share/locale/kn/LC_MESSAGES/switchboard.mo
-- Installing: /build/switchboard-bzr/pkg/switchboard-bzr/usr/share/locale/te/LC_MESSAGES/switchboard.mo
-- Installing: /build/switchboard-bzr/pkg/switchboard-bzr/usr/share/locale/eo/LC_MESSAGES/switchboard.mo
-- Installing: /build/switchboard-bzr/pkg/switchboard-bzr/usr/share/locale/am/LC_MESSAGES/switchboard.mo
-- Installing: /build/switchboard-bzr/pkg/switchboard-bzr/usr/share/locale/ko/LC_MESSAGES/switchboard.mo
-- Installing: /build/switchboard-bzr/pkg/switchboard-bzr/usr/share/locale/ta/LC_MESSAGES/switchboard.mo
-- Installing: /build/switchboard-bzr/pkg/switchboard-bzr/usr/share/locale/hi/LC_MESSAGES/switchboard.mo
-- Installing: /build/switchboard-bzr/pkg/switchboard-bzr/usr/share/locale/es/LC_MESSAGES/switchboard.mo
-- Installing: /build/switchboard-bzr/pkg/switchboard-bzr/usr/share/locale/mr/LC_MESSAGES/switchboard.mo
-- Installing: /build/switchboard-bzr/pkg/switchboard-bzr/usr/share/locale/ml/LC_MESSAGES/switchboard.mo
-- Installing: /build/switchboard-bzr/pkg/switchboard-bzr/usr/share/locale/vi/LC_MESSAGES/switchboard.mo
-- Installing: /build/switchboard-bzr/pkg/switchboard-bzr/usr/share/locale/pt_BR/LC_MESSAGES/switchboard.mo
-- Installing: /build/switchboard-bzr/pkg/switchboard-bzr/usr/share/locale/sw/LC_MESSAGES/switchboard.mo
-- Installing: /build/switchboard-bzr/pkg/switchboard-bzr/usr/share/locale/sv/LC_MESSAGES/switchboard.mo
-- Installing: /build/switchboard-bzr/pkg/switchboard-bzr/usr/share/locale/bg/LC_MESSAGES/switchboard.mo
-- Installing: /build/switchboard-bzr/pkg/switchboard-bzr/usr/share/locale/sr/LC_MESSAGES/switchboard.mo
-- Installing: /build/switchboard-bzr/pkg/switchboard-bzr/usr/share/locale/ka/LC_MESSAGES/switchboard.mo
-- Installing: /build/switchboard-bzr/pkg/switchboard-bzr/usr/share/locale/az/LC_MESSAGES/switchboard.mo
-- Installing: /build/switchboard-bzr/pkg/switchboard-bzr/usr/share/locale/ro/LC_MESSAGES/switchboard.mo
-- Installing: /build/switchboard-bzr/pkg/switchboard-bzr/usr/share/locale/fi/LC_MESSAGES/switchboard.mo
-- Installing: /build/switchboard-bzr/pkg/switchboard-bzr/usr/share/locale/sma/LC_MESSAGES/switchboard.mo
-- Installing: /build/switchboard-bzr/pkg/switchboard-bzr/usr/share/locale/ru/LC_MESSAGES/switchboard.mo
-- Installing: /build/switchboard-bzr/pkg/switchboard-bzr/usr/share/locale/lb/LC_MESSAGES/switchboard.mo
-- Installing: /build/switchboard-bzr/pkg/switchboard-bzr/usr/share/locale/hy/LC_MESSAGES/switchboard.mo
-- Installing: /build/switchboard-bzr/pkg/switchboard-bzr/usr/share/locale/tl/LC_MESSAGES/switchboard.mo
-- Installing: /build/switchboard-bzr/pkg/switchboard-bzr/usr/share/locale/hu/LC_MESSAGES/switchboard.mo
-- Installing: /build/switchboard-bzr/pkg/switchboard-bzr/usr/share/locale/rue/LC_MESSAGES/switchboard.mo
-- Installing: /build/switchboard-bzr/pkg/switchboard-bzr/usr/share/locale/et/LC_MESSAGES/switchboard.mo
-- Installing: /build/switchboard-bzr/pkg/switchboard-bzr/usr/share/locale/ast/LC_MESSAGES/switchboard.mo
-- Installing: /build/switchboard-bzr/pkg/switchboard-bzr/usr/share/locale/he/LC_MESSAGES/switchboard.mo
-- Installing: /build/switchboard-bzr/pkg/switchboard-bzr/usr/share/locale/nn/LC_MESSAGES/switchboard.mo
-- Installing: /build/switchboard-bzr/pkg/switchboard-bzr/usr/share/locale/de/LC_MESSAGES/switchboard.mo
-- Installing: /build/switchboard-bzr/pkg/switchboard-bzr/usr/share/locale/my/LC_MESSAGES/switchboard.mo
-- Installing: /build/switchboard-bzr/pkg/switchboard-bzr/usr/share/locale/th/LC_MESSAGES/switchboard.mo
-- Installing: /build/switchboard-bzr/pkg/switchboard-bzr/usr/share/locale/tr/LC_MESSAGES/switchboard.mo
-- Installing: /build/switchboard-bzr/pkg/switchboard-bzr/usr/share/locale/lt/LC_MESSAGES/switchboard.mo
-- Installing: /build/switchboard-bzr/pkg/switchboard-bzr/usr/share/locale/lo/LC_MESSAGES/switchboard.mo
-- Installing: /build/switchboard-bzr/pkg/switchboard-bzr/usr/share/locale/el/LC_MESSAGES/switchboard.mo
-- Installing: /build/switchboard-bzr/pkg/switchboard-bzr/usr/share/locale/ms/LC_MESSAGES/switchboard.mo
-- Installing: /build/switchboard-bzr/pkg/switchboard-bzr/usr/share/locale/ckb/LC_MESSAGES/switchboard.mo
-- Installing: /build/switchboard-bzr/pkg/switchboard-bzr/usr/share/locale/sq/LC_MESSAGES/switchboard.mo
-- Installing: /build/switchboard-bzr/pkg/switchboard-bzr/usr/share/locale/sl/LC_MESSAGES/switchboard.mo
-- Installing: /build/switchboard-bzr/pkg/switchboard-bzr/usr/share/locale/hr/LC_MESSAGES/switchboard.mo
-- Installing: /build/switchboard-bzr/pkg/switchboard-bzr/usr/share/locale/da/LC_MESSAGES/switchboard.mo
-- Installing: /build/switchboard-bzr/pkg/switchboard-bzr/usr/share/locale/zh_HK/LC_MESSAGES/switchboard.mo
-- Installing: /build/switchboard-bzr/pkg/switchboard-bzr/usr/share/locale/en_GB/LC_MESSAGES/switchboard.mo
-- Installing: /build/switchboard-bzr/pkg/switchboard-bzr/usr/share/locale/ceb/LC_MESSAGES/switchboard.mo
-- Installing: /build/switchboard-bzr/pkg/switchboard-bzr/usr/share/locale/nb/LC_MESSAGES/switchboard.mo
-- Installing: /build/switchboard-bzr/pkg/switchboard-bzr/usr/share/locale/sk/LC_MESSAGES/switchboard.mo
-- Installing: /build/switchboard-bzr/pkg/switchboard-bzr/usr/share/locale/ja/LC_MESSAGES/switchboard.mo
-- Installing: /build/switchboard-bzr/pkg/switchboard-bzr/usr/share/locale/af/LC_MESSAGES/switchboard.mo
-- Installing: /build/switchboard-bzr/pkg/switchboard-bzr/usr/share/locale/gl/LC_MESSAGES/switchboard.mo
-- Installing: /build/switchboard-bzr/pkg/switchboard-bzr/usr/lib/libswitchboard-2.0.so.2.0
-- Installing: /build/switchboard-bzr/pkg/switchboard-bzr/usr/lib/libswitchboard-2.0.so.0
-- Installing: /build/switchboard-bzr/pkg/switchboard-bzr/usr/lib/libswitchboard-2.0.so
-- Installing: /build/switchboard-bzr/pkg/switchboard-bzr/usr/lib/pkgconfig/switchboard-2.0.pc
-- Installing: /build/switchboard-bzr/pkg/switchboard-bzr/usr/share/vala/vapi/switchboard-2.0.vapi
-- Installing: /build/switchboard-bzr/pkg/switchboard-bzr/usr/share/vala/vapi/switchboard-2.0.deps
-- Installing: /build/switchboard-bzr/pkg/switchboard-bzr/usr/include/switchboard-2.0/switchboard.h
-- Installing: /build/switchboard-bzr/pkg/switchboard-bzr/usr/bin/switchboard
-- Up-to-date: /build/switchboard-bzr/pkg/switchboard-bzr/usr/share/glib-2.0/schemas/org.pantheon.switchboard.gschema.xml
