The system is: Linux - 3.19.8.1-1-MANJARO - x86_64
Compiling the C compiler identification source file "CMakeCCompilerId.c" succeeded.
Compiler: /usr/bin/cc 
Build flags: -march=x86-64;-mtune=generic;-O2;-pipe;-fstack-protector-strong;--param=ssp-buffer-size=4
Id flags: 

The output was:
0


Compilation of the C compiler identification source "CMakeCCompilerId.c" produced "a.out"

The C compiler identification is GNU, found in "/home/stefano/Package/pantheon/audience-bzr/src/audience/build/CMakeFiles/3.2.3/CompilerIdC/a.out"

Determining if the C compiler works passed with the following output:
Change Dir: /home/stefano/Package/pantheon/audience-bzr/src/audience/build/CMakeFiles/CMakeTmp

Run Build Command:"/usr/bin/make" "cmTryCompileExec2847318463/fast"
/usr/bin/make -f CMakeFiles/cmTryCompileExec2847318463.dir/build.make CMakeFiles/cmTryCompileExec2847318463.dir/build
make[1]: ingresso nella directory "/home/stefano/Package/pantheon/audience-bzr/src/audience/build/CMakeFiles/CMakeTmp"
/usr/bin/cmake -E cmake_progress_report /home/stefano/Package/pantheon/audience-bzr/src/audience/build/CMakeFiles/CMakeTmp/CMakeFiles 1
Building C object CMakeFiles/cmTryCompileExec2847318463.dir/testCCompiler.c.o
/usr/bin/cc   -march=x86-64 -mtune=generic -O2 -pipe -fstack-protector-strong --param=ssp-buffer-size=4     -o CMakeFiles/cmTryCompileExec2847318463.dir/testCCompiler.c.o   -c /home/stefano/Package/pantheon/audience-bzr/src/audience/build/CMakeFiles/CMakeTmp/testCCompiler.c
Linking C executable cmTryCompileExec2847318463
/usr/bin/cmake -E cmake_link_script CMakeFiles/cmTryCompileExec2847318463.dir/link.txt --verbose=1
/usr/bin/cc  -march=x86-64 -mtune=generic -O2 -pipe -fstack-protector-strong --param=ssp-buffer-size=4     -Wl,-O1,--sort-common,--as-needed,-z,relro  CMakeFiles/cmTryCompileExec2847318463.dir/testCCompiler.c.o  -o cmTryCompileExec2847318463 -rdynamic 
make[1]: uscita dalla directory "/home/stefano/Package/pantheon/audience-bzr/src/audience/build/CMakeFiles/CMakeTmp"


Detecting C compiler ABI info compiled with the following output:
Change Dir: /home/stefano/Package/pantheon/audience-bzr/src/audience/build/CMakeFiles/CMakeTmp

Run Build Command:"/usr/bin/make" "cmTryCompileExec290030623/fast"
/usr/bin/make -f CMakeFiles/cmTryCompileExec290030623.dir/build.make CMakeFiles/cmTryCompileExec290030623.dir/build
make[1]: ingresso nella directory "/home/stefano/Package/pantheon/audience-bzr/src/audience/build/CMakeFiles/CMakeTmp"
/usr/bin/cmake -E cmake_progress_report /home/stefano/Package/pantheon/audience-bzr/src/audience/build/CMakeFiles/CMakeTmp/CMakeFiles 1
Building C object CMakeFiles/cmTryCompileExec290030623.dir/CMakeCCompilerABI.c.o
/usr/bin/cc   -march=x86-64 -mtune=generic -O2 -pipe -fstack-protector-strong --param=ssp-buffer-size=4     -o CMakeFiles/cmTryCompileExec290030623.dir/CMakeCCompilerABI.c.o   -c /usr/share/cmake-3.2/Modules/CMakeCCompilerABI.c
Linking C executable cmTryCompileExec290030623
/usr/bin/cmake -E cmake_link_script CMakeFiles/cmTryCompileExec290030623.dir/link.txt --verbose=1
/usr/bin/cc  -march=x86-64 -mtune=generic -O2 -pipe -fstack-protector-strong --param=ssp-buffer-size=4     -Wl,-O1,--sort-common,--as-needed,-z,relro -v CMakeFiles/cmTryCompileExec290030623.dir/CMakeCCompilerABI.c.o  -o cmTryCompileExec290030623 -rdynamic  
Using built-in specs.
COLLECT_GCC=/usr/bin/cc
COLLECT_LTO_WRAPPER=/usr/lib/gcc/x86_64-unknown-linux-gnu/5.1.0/lto-wrapper
Target: x86_64-unknown-linux-gnu
Configured with: /build/gcc-multilib/src/gcc-5-20150519/configure --prefix=/usr --libdir=/usr/lib --libexecdir=/usr/lib --mandir=/usr/share/man --infodir=/usr/share/info --with-bugurl=https://bugs.archlinux.org/ --enable-languages=c,c++,ada,fortran,go,lto,objc,obj-c++ --enable-shared --enable-threads=posix --enable-libmpx --with-system-zlib --with-isl --enable-__cxa_atexit --disable-libunwind-exceptions --enable-clocale=gnu --disable-libstdcxx-pch --disable-libssp --enable-gnu-unique-object --enable-linker-build-id --enable-lto --enable-plugin --enable-install-libiberty --with-linker-hash-style=gnu --enable-gnu-indirect-function --enable-multilib --disable-werror --enable-checking=release --with-default-libstdcxx-abi=c++98
Thread model: posix
gcc version 5.1.0 (GCC) 
COMPILER_PATH=/usr/lib/gcc/x86_64-unknown-linux-gnu/5.1.0/:/usr/lib/gcc/x86_64-unknown-linux-gnu/5.1.0/:/usr/lib/gcc/x86_64-unknown-linux-gnu/:/usr/lib/gcc/x86_64-unknown-linux-gnu/5.1.0/:/usr/lib/gcc/x86_64-unknown-linux-gnu/
LIBRARY_PATH=/usr/lib/gcc/x86_64-unknown-linux-gnu/5.1.0/:/usr/lib/gcc/x86_64-unknown-linux-gnu/5.1.0/../../../../lib/:/lib/../lib/:/usr/lib/../lib/:/usr/lib/gcc/x86_64-unknown-linux-gnu/5.1.0/../../../:/lib/:/usr/lib/
COLLECT_GCC_OPTIONS='-march=x86-64' '-mtune=generic' '-O2' '-pipe' '-fstack-protector-strong' '--param' 'ssp-buffer-size=4' '-v' '-o' 'cmTryCompileExec290030623' '-rdynamic'
 /usr/lib/gcc/x86_64-unknown-linux-gnu/5.1.0/collect2 -plugin /usr/lib/gcc/x86_64-unknown-linux-gnu/5.1.0/liblto_plugin.so -plugin-opt=/usr/lib/gcc/x86_64-unknown-linux-gnu/5.1.0/lto-wrapper -plugin-opt=-fresolution=/tmp/cc1ym4Rz.res -plugin-opt=-pass-through=-lgcc -plugin-opt=-pass-through=-lgcc_s -plugin-opt=-pass-through=-lc -plugin-opt=-pass-through=-lgcc -plugin-opt=-pass-through=-lgcc_s --build-id --eh-frame-hdr --hash-style=gnu -m elf_x86_64 -export-dynamic -dynamic-linker /lib64/ld-linux-x86-64.so.2 -o cmTryCompileExec290030623 /usr/lib/gcc/x86_64-unknown-linux-gnu/5.1.0/../../../../lib/crt1.o /usr/lib/gcc/x86_64-unknown-linux-gnu/5.1.0/../../../../lib/crti.o /usr/lib/gcc/x86_64-unknown-linux-gnu/5.1.0/crtbegin.o -L/usr/lib/gcc/x86_64-unknown-linux-gnu/5.1.0 -L/usr/lib/gcc/x86_64-unknown-linux-gnu/5.1.0/../../../../lib -L/lib/../lib -L/usr/lib/../lib -L/usr/lib/gcc/x86_64-unknown-linux-gnu/5.1.0/../../.. -O1 --sort-common --as-needed -z relro CMakeFiles/cmTryCompileExec290030623.dir/CMakeCCompilerABI.c.o -lgcc --as-needed -lgcc_s --no-as-needed -lc -lgcc --as-needed -lgcc_s --no-as-needed /usr/lib/gcc/x86_64-unknown-linux-gnu/5.1.0/crtend.o /usr/lib/gcc/x86_64-unknown-linux-gnu/5.1.0/../../../../lib/crtn.o
make[1]: uscita dalla directory "/home/stefano/Package/pantheon/audience-bzr/src/audience/build/CMakeFiles/CMakeTmp"


Parsed C implicit link information from above output:
  link line regex: [^( *|.*[/\])(ld|([^/\]+-)?ld|collect2)[^/\]*( |$)]
  ignore line: [Change Dir: /home/stefano/Package/pantheon/audience-bzr/src/audience/build/CMakeFiles/CMakeTmp]
  ignore line: []
  ignore line: [Run Build Command:"/usr/bin/make" "cmTryCompileExec290030623/fast"]
  ignore line: [/usr/bin/make -f CMakeFiles/cmTryCompileExec290030623.dir/build.make CMakeFiles/cmTryCompileExec290030623.dir/build]
  ignore line: [make[1]: ingresso nella directory "/home/stefano/Package/pantheon/audience-bzr/src/audience/build/CMakeFiles/CMakeTmp"]
  ignore line: [/usr/bin/cmake -E cmake_progress_report /home/stefano/Package/pantheon/audience-bzr/src/audience/build/CMakeFiles/CMakeTmp/CMakeFiles 1]
  ignore line: [Building C object CMakeFiles/cmTryCompileExec290030623.dir/CMakeCCompilerABI.c.o]
  ignore line: [/usr/bin/cc   -march=x86-64 -mtune=generic -O2 -pipe -fstack-protector-strong --param=ssp-buffer-size=4     -o CMakeFiles/cmTryCompileExec290030623.dir/CMakeCCompilerABI.c.o   -c /usr/share/cmake-3.2/Modules/CMakeCCompilerABI.c]
  ignore line: [Linking C executable cmTryCompileExec290030623]
  ignore line: [/usr/bin/cmake -E cmake_link_script CMakeFiles/cmTryCompileExec290030623.dir/link.txt --verbose=1]
  ignore line: [/usr/bin/cc  -march=x86-64 -mtune=generic -O2 -pipe -fstack-protector-strong --param=ssp-buffer-size=4     -Wl,-O1,--sort-common,--as-needed,-z,relro -v CMakeFiles/cmTryCompileExec290030623.dir/CMakeCCompilerABI.c.o  -o cmTryCompileExec290030623 -rdynamic  ]
  ignore line: [Using built-in specs.]
  ignore line: [COLLECT_GCC=/usr/bin/cc]
  ignore line: [COLLECT_LTO_WRAPPER=/usr/lib/gcc/x86_64-unknown-linux-gnu/5.1.0/lto-wrapper]
  ignore line: [Target: x86_64-unknown-linux-gnu]
  ignore line: [Configured with: /build/gcc-multilib/src/gcc-5-20150519/configure --prefix=/usr --libdir=/usr/lib --libexecdir=/usr/lib --mandir=/usr/share/man --infodir=/usr/share/info --with-bugurl=https://bugs.archlinux.org/ --enable-languages=c,c++,ada,fortran,go,lto,objc,obj-c++ --enable-shared --enable-threads=posix --enable-libmpx --with-system-zlib --with-isl --enable-__cxa_atexit --disable-libunwind-exceptions --enable-clocale=gnu --disable-libstdcxx-pch --disable-libssp --enable-gnu-unique-object --enable-linker-build-id --enable-lto --enable-plugin --enable-install-libiberty --with-linker-hash-style=gnu --enable-gnu-indirect-function --enable-multilib --disable-werror --enable-checking=release --with-default-libstdcxx-abi=c++98]
  ignore line: [Thread model: posix]
  ignore line: [gcc version 5.1.0 (GCC) ]
  ignore line: [COMPILER_PATH=/usr/lib/gcc/x86_64-unknown-linux-gnu/5.1.0/:/usr/lib/gcc/x86_64-unknown-linux-gnu/5.1.0/:/usr/lib/gcc/x86_64-unknown-linux-gnu/:/usr/lib/gcc/x86_64-unknown-linux-gnu/5.1.0/:/usr/lib/gcc/x86_64-unknown-linux-gnu/]
  ignore line: [LIBRARY_PATH=/usr/lib/gcc/x86_64-unknown-linux-gnu/5.1.0/:/usr/lib/gcc/x86_64-unknown-linux-gnu/5.1.0/../../../../lib/:/lib/../lib/:/usr/lib/../lib/:/usr/lib/gcc/x86_64-unknown-linux-gnu/5.1.0/../../../:/lib/:/usr/lib/]
  ignore line: [COLLECT_GCC_OPTIONS='-march=x86-64' '-mtune=generic' '-O2' '-pipe' '-fstack-protector-strong' '--param' 'ssp-buffer-size=4' '-v' '-o' 'cmTryCompileExec290030623' '-rdynamic']
  link line: [ /usr/lib/gcc/x86_64-unknown-linux-gnu/5.1.0/collect2 -plugin /usr/lib/gcc/x86_64-unknown-linux-gnu/5.1.0/liblto_plugin.so -plugin-opt=/usr/lib/gcc/x86_64-unknown-linux-gnu/5.1.0/lto-wrapper -plugin-opt=-fresolution=/tmp/cc1ym4Rz.res -plugin-opt=-pass-through=-lgcc -plugin-opt=-pass-through=-lgcc_s -plugin-opt=-pass-through=-lc -plugin-opt=-pass-through=-lgcc -plugin-opt=-pass-through=-lgcc_s --build-id --eh-frame-hdr --hash-style=gnu -m elf_x86_64 -export-dynamic -dynamic-linker /lib64/ld-linux-x86-64.so.2 -o cmTryCompileExec290030623 /usr/lib/gcc/x86_64-unknown-linux-gnu/5.1.0/../../../../lib/crt1.o /usr/lib/gcc/x86_64-unknown-linux-gnu/5.1.0/../../../../lib/crti.o /usr/lib/gcc/x86_64-unknown-linux-gnu/5.1.0/crtbegin.o -L/usr/lib/gcc/x86_64-unknown-linux-gnu/5.1.0 -L/usr/lib/gcc/x86_64-unknown-linux-gnu/5.1.0/../../../../lib -L/lib/../lib -L/usr/lib/../lib -L/usr/lib/gcc/x86_64-unknown-linux-gnu/5.1.0/../../.. -O1 --sort-common --as-needed -z relro CMakeFiles/cmTryCompileExec290030623.dir/CMakeCCompilerABI.c.o -lgcc --as-needed -lgcc_s --no-as-needed -lc -lgcc --as-needed -lgcc_s --no-as-needed /usr/lib/gcc/x86_64-unknown-linux-gnu/5.1.0/crtend.o /usr/lib/gcc/x86_64-unknown-linux-gnu/5.1.0/../../../../lib/crtn.o]
    arg [/usr/lib/gcc/x86_64-unknown-linux-gnu/5.1.0/collect2] ==> ignore
    arg [-plugin] ==> ignore
    arg [/usr/lib/gcc/x86_64-unknown-linux-gnu/5.1.0/liblto_plugin.so] ==> ignore
    arg [-plugin-opt=/usr/lib/gcc/x86_64-unknown-linux-gnu/5.1.0/lto-wrapper] ==> ignore
    arg [-plugin-opt=-fresolution=/tmp/cc1ym4Rz.res] ==> ignore
    arg [-plugin-opt=-pass-through=-lgcc] ==> ignore
    arg [-plugin-opt=-pass-through=-lgcc_s] ==> ignore
    arg [-plugin-opt=-pass-through=-lc] ==> ignore
    arg [-plugin-opt=-pass-through=-lgcc] ==> ignore
    arg [-plugin-opt=-pass-through=-lgcc_s] ==> ignore
    arg [--build-id] ==> ignore
    arg [--eh-frame-hdr] ==> ignore
    arg [--hash-style=gnu] ==> ignore
    arg [-m] ==> ignore
    arg [elf_x86_64] ==> ignore
    arg [-export-dynamic] ==> ignore
    arg [-dynamic-linker] ==> ignore
    arg [/lib64/ld-linux-x86-64.so.2] ==> ignore
    arg [-o] ==> ignore
    arg [cmTryCompileExec290030623] ==> ignore
    arg [/usr/lib/gcc/x86_64-unknown-linux-gnu/5.1.0/../../../../lib/crt1.o] ==> ignore
    arg [/usr/lib/gcc/x86_64-unknown-linux-gnu/5.1.0/../../../../lib/crti.o] ==> ignore
    arg [/usr/lib/gcc/x86_64-unknown-linux-gnu/5.1.0/crtbegin.o] ==> ignore
    arg [-L/usr/lib/gcc/x86_64-unknown-linux-gnu/5.1.0] ==> dir [/usr/lib/gcc/x86_64-unknown-linux-gnu/5.1.0]
    arg [-L/usr/lib/gcc/x86_64-unknown-linux-gnu/5.1.0/../../../../lib] ==> dir [/usr/lib/gcc/x86_64-unknown-linux-gnu/5.1.0/../../../../lib]
    arg [-L/lib/../lib] ==> dir [/lib/../lib]
    arg [-L/usr/lib/../lib] ==> dir [/usr/lib/../lib]
    arg [-L/usr/lib/gcc/x86_64-unknown-linux-gnu/5.1.0/../../..] ==> dir [/usr/lib/gcc/x86_64-unknown-linux-gnu/5.1.0/../../..]
    arg [-O1] ==> ignore
    arg [--sort-common] ==> ignore
    arg [--as-needed] ==> ignore
    arg [-zrelro] ==> ignore
    arg [CMakeFiles/cmTryCompileExec290030623.dir/CMakeCCompilerABI.c.o] ==> ignore
    arg [-lgcc] ==> lib [gcc]
    arg [--as-needed] ==> ignore
    arg [-lgcc_s] ==> lib [gcc_s]
    arg [--no-as-needed] ==> ignore
    arg [-lc] ==> lib [c]
    arg [-lgcc] ==> lib [gcc]
    arg [--as-needed] ==> ignore
    arg [-lgcc_s] ==> lib [gcc_s]
    arg [--no-as-needed] ==> ignore
    arg [/usr/lib/gcc/x86_64-unknown-linux-gnu/5.1.0/crtend.o] ==> ignore
    arg [/usr/lib/gcc/x86_64-unknown-linux-gnu/5.1.0/../../../../lib/crtn.o] ==> ignore
  remove lib [gcc]
  remove lib [gcc_s]
  remove lib [gcc]
  remove lib [gcc_s]
  collapse library dir [/usr/lib/gcc/x86_64-unknown-linux-gnu/5.1.0] ==> [/usr/lib/gcc/x86_64-unknown-linux-gnu/5.1.0]
  collapse library dir [/usr/lib/gcc/x86_64-unknown-linux-gnu/5.1.0/../../../../lib] ==> [/usr/lib]
  collapse library dir [/lib/../lib] ==> [/lib]
  collapse library dir [/usr/lib/../lib] ==> [/usr/lib]
  collapse library dir [/usr/lib/gcc/x86_64-unknown-linux-gnu/5.1.0/../../..] ==> [/usr/lib]
  implicit libs: [c]
  implicit dirs: [/usr/lib/gcc/x86_64-unknown-linux-gnu/5.1.0;/usr/lib;/lib]
  implicit fwks: []




Detecting C [-std=c11] compiler features compiled with the following output:
Change Dir: /home/stefano/Package/pantheon/audience-bzr/src/audience/build/CMakeFiles/CMakeTmp

Run Build Command:"/usr/bin/make" "cmTryCompileExec4065063479/fast"
/usr/bin/make -f CMakeFiles/cmTryCompileExec4065063479.dir/build.make CMakeFiles/cmTryCompileExec4065063479.dir/build
make[1]: ingresso nella directory "/home/stefano/Package/pantheon/audience-bzr/src/audience/build/CMakeFiles/CMakeTmp"
/usr/bin/cmake -E cmake_progress_report /home/stefano/Package/pantheon/audience-bzr/src/audience/build/CMakeFiles/CMakeTmp/CMakeFiles 1
Building C object CMakeFiles/cmTryCompileExec4065063479.dir/feature_tests.c.o
/usr/bin/cc   -march=x86-64 -mtune=generic -O2 -pipe -fstack-protector-strong --param=ssp-buffer-size=4     -std=c11 -o CMakeFiles/cmTryCompileExec4065063479.dir/feature_tests.c.o   -c /home/stefano/Package/pantheon/audience-bzr/src/audience/build/CMakeFiles/feature_tests.c
Linking C executable cmTryCompileExec4065063479
/usr/bin/cmake -E cmake_link_script CMakeFiles/cmTryCompileExec4065063479.dir/link.txt --verbose=1
/usr/bin/cc  -march=x86-64 -mtune=generic -O2 -pipe -fstack-protector-strong --param=ssp-buffer-size=4     -Wl,-O1,--sort-common,--as-needed,-z,relro  CMakeFiles/cmTryCompileExec4065063479.dir/feature_tests.c.o  -o cmTryCompileExec4065063479 -rdynamic 
make[1]: uscita dalla directory "/home/stefano/Package/pantheon/audience-bzr/src/audience/build/CMakeFiles/CMakeTmp"


    Feature record: C_FEATURE:1c_function_prototypes
    Feature record: C_FEATURE:1c_restrict
    Feature record: C_FEATURE:1c_static_assert
    Feature record: C_FEATURE:1c_variadic_macros


Detecting C [-std=c99] compiler features compiled with the following output:
Change Dir: /home/stefano/Package/pantheon/audience-bzr/src/audience/build/CMakeFiles/CMakeTmp

Run Build Command:"/usr/bin/make" "cmTryCompileExec1457668201/fast"
/usr/bin/make -f CMakeFiles/cmTryCompileExec1457668201.dir/build.make CMakeFiles/cmTryCompileExec1457668201.dir/build
make[1]: ingresso nella directory "/home/stefano/Package/pantheon/audience-bzr/src/audience/build/CMakeFiles/CMakeTmp"
/usr/bin/cmake -E cmake_progress_report /home/stefano/Package/pantheon/audience-bzr/src/audience/build/CMakeFiles/CMakeTmp/CMakeFiles 1
Building C object CMakeFiles/cmTryCompileExec1457668201.dir/feature_tests.c.o
/usr/bin/cc   -march=x86-64 -mtune=generic -O2 -pipe -fstack-protector-strong --param=ssp-buffer-size=4     -std=c99 -o CMakeFiles/cmTryCompileExec1457668201.dir/feature_tests.c.o   -c /home/stefano/Package/pantheon/audience-bzr/src/audience/build/CMakeFiles/feature_tests.c
Linking C executable cmTryCompileExec1457668201
/usr/bin/cmake -E cmake_link_script CMakeFiles/cmTryCompileExec1457668201.dir/link.txt --verbose=1
/usr/bin/cc  -march=x86-64 -mtune=generic -O2 -pipe -fstack-protector-strong --param=ssp-buffer-size=4     -Wl,-O1,--sort-common,--as-needed,-z,relro  CMakeFiles/cmTryCompileExec1457668201.dir/feature_tests.c.o  -o cmTryCompileExec1457668201 -rdynamic 
make[1]: uscita dalla directory "/home/stefano/Package/pantheon/audience-bzr/src/audience/build/CMakeFiles/CMakeTmp"


    Feature record: C_FEATURE:1c_function_prototypes
    Feature record: C_FEATURE:1c_restrict
    Feature record: C_FEATURE:0c_static_assert
    Feature record: C_FEATURE:1c_variadic_macros


Detecting C [-std=c90] compiler features compiled with the following output:
Change Dir: /home/stefano/Package/pantheon/audience-bzr/src/audience/build/CMakeFiles/CMakeTmp

Run Build Command:"/usr/bin/make" "cmTryCompileExec3705512525/fast"
/usr/bin/make -f CMakeFiles/cmTryCompileExec3705512525.dir/build.make CMakeFiles/cmTryCompileExec3705512525.dir/build
make[1]: ingresso nella directory "/home/stefano/Package/pantheon/audience-bzr/src/audience/build/CMakeFiles/CMakeTmp"
/usr/bin/cmake -E cmake_progress_report /home/stefano/Package/pantheon/audience-bzr/src/audience/build/CMakeFiles/CMakeTmp/CMakeFiles 1
Building C object CMakeFiles/cmTryCompileExec3705512525.dir/feature_tests.c.o
/usr/bin/cc   -march=x86-64 -mtune=generic -O2 -pipe -fstack-protector-strong --param=ssp-buffer-size=4     -std=c90 -o CMakeFiles/cmTryCompileExec3705512525.dir/feature_tests.c.o   -c /home/stefano/Package/pantheon/audience-bzr/src/audience/build/CMakeFiles/feature_tests.c
Linking C executable cmTryCompileExec3705512525
/usr/bin/cmake -E cmake_link_script CMakeFiles/cmTryCompileExec3705512525.dir/link.txt --verbose=1
/usr/bin/cc  -march=x86-64 -mtune=generic -O2 -pipe -fstack-protector-strong --param=ssp-buffer-size=4     -Wl,-O1,--sort-common,--as-needed,-z,relro  CMakeFiles/cmTryCompileExec3705512525.dir/feature_tests.c.o  -o cmTryCompileExec3705512525 -rdynamic 
make[1]: uscita dalla directory "/home/stefano/Package/pantheon/audience-bzr/src/audience/build/CMakeFiles/CMakeTmp"


    Feature record: C_FEATURE:1c_function_prototypes
    Feature record: C_FEATURE:0c_restrict
    Feature record: C_FEATURE:0c_static_assert
    Feature record: C_FEATURE:0c_variadic_macros
